   Compiling chtholly_compiler v0.1.0 (/app)
warning: use of deprecated method `inkwell::types::BasicType::ptr_type`: Starting from version 15.0, LLVM doesn't differentiate between pointer types. Use Context::ptr_type instead.
   --> src/codegen.rs:254:29
    |
254 |                  inner_type.ptr_type(addr_space).into()
    |                             ^^^^^^^^
    |
    = note: `#[warn(deprecated)]` on by default

warning: field `is_mutable` is never read
  --> src/codegen.rs:16:5
   |
12 | struct Symbol<'ctx> {
   |        ------ field in this struct
...
16 |     is_mutable: bool,
   |     ^^^^^^^^^^
   |
   = note: `#[warn(dead_code)]` (part of `#[warn(unused)]`) on by default

warning: `chtholly_compiler` (bin "chtholly_compiler") generated 2 warnings
    Finished `dev` profile [unoptimized + debuginfo] target(s) in 0.82s
     Running `target/debug/chtholly_compiler test.cns`
正在编译文件：test.cns
--- 源代码 ---
fn main(args: string[]): Result<i32, SystemError>
{
    let a: bool = true;
}

-------------------
--- 抽象语法树 ---
Program {
    functions: [
        FunctionDefinition {
            name: "main",
            params: [
                Parameter {
                    name: "args",
                    param_type: Array(
                        Simple(
                            "string",
                        ),
                    ),
                },
            ],
            return_type: Generic(
                "Result",
                [
                    Simple(
                        "i32",
                    ),
                    Simple(
                        "SystemError",
                    ),
                ],
            ),
            body: [
                VariableDeclaration(
                    VariableDeclaration {
                        is_mutable: false,
                        name: "a",
                        var_type: Some(
                            Simple(
                                "bool",
                            ),
                        ),
                        initializer: Some(
                            BooleanLiteral(
                                true,
                            ),
                        ),
                    },
                ),
            ],
        },
    ],
}
-------------------
--- LLVM IR ---
; ModuleID = 'chtholly_module'
source_filename = "chtholly_module"

define i32 @main(ptr %args) {
entry:
  %a = alloca i1, align 1
  store i1 true, ptr %a, align 1
  ret i32 0
}

-----------------
LLVM IR 已保存到 output.ll
Clang 编译成功！
--- 程序输出 ---

--------------------
